2022-02-21 08:33:28,913 p=100513 u=student n=ansible | ERROR! We were unable to read either as JSON nor YAML, these are the errors we got from each:
JSON: Expecting value: line 1 column 1 (char 0)

Syntax Error while loading YAML.
  mapping values are not allowed in this context

The error appears to be in '/home/student/troubleshoot-playbook/samba.yml': line 8, column 30, but may
be elsewhere in the file depending on the exact syntax problem.

The offending line appears to be:

    install_state: installed
    random_var: This is colon: test
                             ^ here

2022-02-21 08:34:01,514 p=100564 u=student n=ansible | ERROR! We were unable to read either as JSON nor YAML, these are the errors we got from each:
JSON: Expecting value: line 1 column 1 (char 0)

Syntax Error while loading YAML.
  did not find expected key

The error appears to be in '/home/student/troubleshoot-playbook/samba.yml': line 44, column 4, but may
be elsewhere in the file depending on the exact syntax problem.

The offending line appears to be:


   - name: deliver samba config
   ^ here

2022-02-21 08:34:24,960 p=100570 u=student n=ansible | ERROR! We were unable to read either as JSON nor YAML, these are the errors we got from each:
JSON: Expecting value: line 1 column 1 (char 0)

Syntax Error while loading YAML.
  found unacceptable key (unhashable type: 'AnsibleMapping')

The error appears to be in '/home/student/troubleshoot-playbook/samba.yml': line 14, column 15, but may
be elsewhere in the file depending on the exact syntax problem.

The offending line appears to be:

      name: samba
      state: {{ install_state }}
              ^ here
We could be wrong, but this one looks like it might be an issue with
missing quotes. Always quote template expression brackets when they
start a value. For instance:

    with_items:
      - {{ foo }}

Should be written as:

    with_items:
      - "{{ foo }}"

2022-02-21 08:34:49,948 p=100576 u=student n=ansible | PLAY [Install a samba server] *************************************************************************
2022-02-21 08:34:49,954 p=100576 u=student n=ansible | TASK [Gathering Facts] ********************************************************************************
2022-02-21 08:35:11,370 p=100576 u=student n=ansible | fatal: [servera.lab.exammple.com]: UNREACHABLE! => {"changed": false, "msg": "Failed to connect to the host via ssh: ssh: connect to host servera.lab.exammple.com port 22: Connection timed out", "unreachable": true}
2022-02-21 08:35:11,370 p=100576 u=student n=ansible | PLAY RECAP ********************************************************************************************
2022-02-21 08:35:11,370 p=100576 u=student n=ansible | servera.lab.exammple.com   : ok=0    changed=0    unreachable=1    failed=0    skipped=0    rescued=0    ignored=0   
2022-02-21 08:35:46,925 p=100603 u=student n=ansible | PLAY [Install a samba server] *************************************************************************
2022-02-21 08:35:46,932 p=100603 u=student n=ansible | TASK [Gathering Facts] ********************************************************************************
2022-02-21 08:35:47,980 p=100603 u=student n=ansible | ok: [servera.lab.example.com]
2022-02-21 08:35:47,987 p=100603 u=student n=ansible | TASK [install samba] **********************************************************************************
2022-02-21 08:35:50,244 p=100603 u=student n=ansible | changed: [servera.lab.example.com]
2022-02-21 08:35:50,251 p=100603 u=student n=ansible | TASK [install firewalld] ******************************************************************************
2022-02-21 08:35:51,427 p=100603 u=student n=ansible | ok: [servera.lab.example.com]
2022-02-21 08:35:51,436 p=100603 u=student n=ansible | TASK [debug install_state variable] *******************************************************************
2022-02-21 08:35:51,462 p=100603 u=student n=ansible | ok: [servera.lab.example.com] => {
    "msg": "The state for the samba service is installed"
}
2022-02-21 08:35:51,470 p=100603 u=student n=ansible | TASK [start samba] ************************************************************************************
2022-02-21 08:35:52,484 p=100603 u=student n=ansible | changed: [servera.lab.example.com]
2022-02-21 08:35:52,491 p=100603 u=student n=ansible | TASK [start firewalld] ********************************************************************************
2022-02-21 08:35:52,881 p=100603 u=student n=ansible | ok: [servera.lab.example.com]
2022-02-21 08:35:52,889 p=100603 u=student n=ansible | TASK [configure firewall for samba] *******************************************************************
2022-02-21 08:35:53,437 p=100603 u=student n=ansible | changed: [servera.lab.example.com]
2022-02-21 08:35:53,445 p=100603 u=student n=ansible | TASK [deliver samba config] ***************************************************************************
2022-02-21 08:35:53,517 p=100603 u=student n=ansible | fatal: [servera.lab.example.com]: FAILED! => {"changed": false, "msg": "Could not find or access 'samba.j2'\nSearched in:\n\t/home/student/troubleshoot-playbook/templates/samba.j2\n\t/home/student/troubleshoot-playbook/samba.j2\n\t/home/student/troubleshoot-playbook/templates/samba.j2\n\t/home/student/troubleshoot-playbook/samba.j2 on the Ansible Controller.\nIf you are using a module and expect the file to exist on the remote, see the remote_src option"}
2022-02-21 08:35:53,518 p=100603 u=student n=ansible | PLAY RECAP ********************************************************************************************
2022-02-21 08:35:53,518 p=100603 u=student n=ansible | servera.lab.example.com    : ok=7    changed=3    unreachable=0    failed=1    skipped=0    rescued=0    ignored=0   
2022-02-21 08:36:02,345 p=100684 u=student n=ansible | PLAY [Install a samba server] *************************************************************************
2022-02-21 08:36:02,352 p=100684 u=student n=ansible | TASK [Gathering Facts] ********************************************************************************
2022-02-21 08:36:03,190 p=100684 u=student n=ansible | ok: [servera.lab.example.com]
2022-02-21 08:36:03,197 p=100684 u=student n=ansible | TASK [install samba] **********************************************************************************
2022-02-21 08:36:04,421 p=100684 u=student n=ansible | ok: [servera.lab.example.com]
2022-02-21 08:36:04,428 p=100684 u=student n=ansible | TASK [install firewalld] ******************************************************************************
2022-02-21 08:36:05,572 p=100684 u=student n=ansible | ok: [servera.lab.example.com]
2022-02-21 08:36:05,580 p=100684 u=student n=ansible | TASK [debug install_state variable] *******************************************************************
2022-02-21 08:36:05,603 p=100684 u=student n=ansible | ok: [servera.lab.example.com] => {
    "msg": "The state for the samba service is installed"
}
2022-02-21 08:36:05,611 p=100684 u=student n=ansible | TASK [start samba] ************************************************************************************
2022-02-21 08:36:06,180 p=100684 u=student n=ansible | ok: [servera.lab.example.com]
2022-02-21 08:36:06,188 p=100684 u=student n=ansible | TASK [start firewalld] ********************************************************************************
2022-02-21 08:36:06,567 p=100684 u=student n=ansible | ok: [servera.lab.example.com]
2022-02-21 08:36:06,575 p=100684 u=student n=ansible | TASK [configure firewall for samba] *******************************************************************
2022-02-21 08:36:07,117 p=100684 u=student n=ansible | ok: [servera.lab.example.com]
2022-02-21 08:36:07,125 p=100684 u=student n=ansible | TASK [deliver samba config] ***************************************************************************
2022-02-21 08:36:07,198 p=100684 u=student n=ansible | fatal: [servera.lab.example.com]: FAILED! => {"changed": false, "msg": "Could not find or access 'samba.j2'\nSearched in:\n\t/home/student/troubleshoot-playbook/templates/samba.j2\n\t/home/student/troubleshoot-playbook/samba.j2\n\t/home/student/troubleshoot-playbook/templates/samba.j2\n\t/home/student/troubleshoot-playbook/samba.j2 on the Ansible Controller.\nIf you are using a module and expect the file to exist on the remote, see the remote_src option"}
2022-02-21 08:36:07,199 p=100684 u=student n=ansible | PLAY RECAP ********************************************************************************************
2022-02-21 08:36:07,199 p=100684 u=student n=ansible | servera.lab.example.com    : ok=7    changed=0    unreachable=0    failed=1    skipped=0    rescued=0    ignored=0   
2022-02-21 08:36:21,432 p=100755 u=student n=ansible | PLAY [Install a samba server] *************************************************************************
2022-02-21 08:36:21,439 p=100755 u=student n=ansible | TASK [Gathering Facts] ********************************************************************************
2022-02-21 08:36:22,320 p=100755 u=student n=ansible | ok: [servera.lab.example.com]
2022-02-21 08:36:22,327 p=100755 u=student n=ansible | TASK [install samba] **********************************************************************************
2022-02-21 08:36:23,596 p=100755 u=student n=ansible | ok: [servera.lab.example.com]
2022-02-21 08:36:23,603 p=100755 u=student n=ansible | TASK [install firewalld] ******************************************************************************
2022-02-21 08:36:24,710 p=100755 u=student n=ansible | ok: [servera.lab.example.com]
2022-02-21 08:36:24,717 p=100755 u=student n=ansible | TASK [debug install_state variable] *******************************************************************
2022-02-21 08:36:24,752 p=100755 u=student n=ansible | ok: [servera.lab.example.com] => {
    "msg": "The state for the samba service is installed"
}
2022-02-21 08:36:24,760 p=100755 u=student n=ansible | TASK [start samba] ************************************************************************************
2022-02-21 08:36:25,338 p=100755 u=student n=ansible | ok: [servera.lab.example.com]
2022-02-21 08:36:25,345 p=100755 u=student n=ansible | TASK [start firewalld] ********************************************************************************
2022-02-21 08:36:25,721 p=100755 u=student n=ansible | ok: [servera.lab.example.com]
2022-02-21 08:36:25,728 p=100755 u=student n=ansible | TASK [configure firewall for samba] *******************************************************************
2022-02-21 08:36:26,235 p=100755 u=student n=ansible | ok: [servera.lab.example.com]
2022-02-21 08:36:26,242 p=100755 u=student n=ansible | TASK [deliver samba config] ***************************************************************************
2022-02-21 08:36:26,955 p=100755 u=student n=ansible | changed: [servera.lab.example.com]
2022-02-21 08:36:26,956 p=100755 u=student n=ansible | PLAY RECAP ********************************************************************************************
2022-02-21 08:36:26,956 p=100755 u=student n=ansible | servera.lab.example.com    : ok=8    changed=1    unreachable=0    failed=0    skipped=0    rescued=0    ignored=0   
